Operation 0:
Matrix<3, 3>
4 -1 -3 
-3 -3 1 
-2 -3 -2 
Matrix<3, 3>
2 -3 -2 
-1 -2 2 
0 3 -3 
Matrix<3, 3>
9 -19 -1 
-3 18 -3 
-1 6 4 
Operation 1:
Matrix<3, 3>
-1 5 0 
-3 -1 -2 
3 -3 0 
Matrix<3, 3>
-2 -2 1 
-3 -2 -2 
1 5 -3 
Matrix<3, 3>
-13 -8 -11 
7 -2 5 
3 0 9 
Operation 2:
Matrix<3, 3>
-3 -3 -2 
1 -3 -3 
-2 -1 -2 
Matrix<3, 3>
-1 0 -3 
-1 -3 -2 
1 4 -2 
Matrix<3, 3>
4 1 19 
-1 -3 9 
1 -5 12 
Operation 3:
Matrix<3, 3>
-3 0 -3 
-3 0 0 
5 -3 -3 
Matrix<3, 3>
-1 1 -3 
-2 -3 -3 
-3 3 4 
Matrix<3, 3>
12 -12 -3 
3 -3 9 
10 5 -18 
Operation 4:
Matrix<3, 3>
4 3 -3 
-3 0 -3 
-2 -3 -2 
Matrix<3, 3>
-2 -1 1 
-3 -3 -3 
-1 -3 0 
Matrix<3, 3>
-14 -4 -5 
9 12 -3 
15 17 7 
Operation 5:
Matrix<3, 3>
-3 -2 2 
-2 -3 2 
-2 -3 -3 
Matrix<3, 3>
-1 0 1 
2 0 4 
-3 -2 3 
Matrix<3, 3>
-7 -4 -5 
-10 -4 -8 
5 6 -23 
Operation 6:
Matrix<3, 3>
-2 -3 -2 
3 -3 -3 
-3 3 0 
Matrix<3, 3>
-3 -3 -3 
-3 0 -3 
-3 -3 -1 
Matrix<3, 3>
21 12 17 
9 0 3 
0 9 0 
Operation 7:
Matrix<3, 3>
2 -3 -3 
-2 -2 -1 
1 -3 -3 
Matrix<3, 3>
-2 -1 -2 
0 0 -2 
0 -1 1 
Matrix<3, 3>
-4 1 -1 
4 3 7 
-2 2 1 
Operation 8:
Matrix<3, 3>
-2 -3 -3 
-1 -1 -3 
-2 -1 1 
Matrix<3, 3>
-3 -3 1 
-1 -3 -1 
0 -3 -3 
Matrix<3, 3>
9 24 10 
4 15 9 
7 6 -4 
Operation 9:
Matrix<3, 3>
-3 -2 0 
-3 -2 -1 
-1 1 -3 
Matrix<3, 3>
-1 -3 -2 
0 -3 -3 
0 -1 -3 
Matrix<3, 3>
3 15 12 
3 16 15 
1 3 8 
